<?xml version="1.0" encoding="UTF-8"?>
<testsuite name="starter.CucumberTestSuite" tests="0" skipped="0" failures="0" errors="0" timestamp="1970-01-01T00:00:00" hostname="DESKTOP-LH4JLB8" time="0.0">
  <properties/>
  <system-out><![CDATA[20:56:47.923 [Test worker] DEBUG net.thucydides.core.guice.Injectors - Created injector for module net.thucydides.core.guice.ThucydidesModule
20:56:48.032 [Test worker] INFO io.cucumber.core.plugin.SerenityReporter - Running feature from file:///C:/Users/crist/IdeaProjects/serenitybdd-appium-project/src/test/resources/features/login/log_in.feature
20:56:48.222 [Test worker] DEBUG net.thucydides.core.guice.Injectors - Created injector for module net.thucydides.core.guice.webdriver.WebDriverModule
20:56:48.239 [Test worker] INFO  - 

-------------------------------------------------------------------------------------
     _______. _______ .______       _______ .__   __.  __  .___________.____    ____ 
    /       ||   ____||   _  \     |   ____||  \ |  | |  | |           |\   \  /   / 
   |   (----`|  |__   |  |_)  |    |  |__   |   \|  | |  | `---|  |----` \   \/   /  
    \   \    |   __|  |      /     |   __|  |  . `  | |  |     |  |       \_    _/   
.----)   |   |  |____ |  |\  \----.|  |____ |  |\   | |  |     |  |         |  |     
|_______/    |_______|| _| `._____||_______||__| \__| |__|     |__|         |__|    
                                                                                     
 News and tutorials at http://www.serenity-bdd.info                                  
 Documentation at https://wakaleo.gitbooks.io/the-serenity-book/content/             
 Join the Serenity Community on Gitter: https://gitter.im/serenity-bdd/serenity-core 
 Serenity BDD Support and Training at http://serenity-bdd.info/#/trainingandsupport  
-------------------------------------------------------------------------------------

20:56:48.242 [Test worker] DEBUG net.thucydides.core.steps.StepEventBus - Test suite started for story net.thucydides.core.model.Story@f71f83e0
20:56:48.244 [Test worker] INFO  - Test Suite Started: Log in
20:56:48.270 [Test worker] INFO io.cucumber.core.plugin.SerenityReporter - Running feature from file:///C:/Users/crist/IdeaProjects/serenitybdd-appium-project/src/test/resources/features/login/log_in.feature
20:56:48.273 [Test worker] DEBUG net.thucydides.core.steps.StepEventBus - Test suite started for story net.thucydides.core.model.Story@f71f83e0
20:56:48.274 [Test worker] INFO  - Test Suite Started: Log in
20:56:53.805 [Test worker] DEBUG net.thucydides.core.reports.ReportService - Reporting formats: [JSON, HTML]
20:56:53.926 [Test worker] DEBUG net.thucydides.core.reports.ReportService - Reporting formats: [JSON, HTML]
20:56:53.935 [Test worker] DEBUG net.thucydides.core.reports.ReportService - Generating reports for 1 test outcomes using: net.thucydides.core.reports.json.JSONTestOutcomeReporter@1495f70
20:56:53.936 [pool-1-thread-1] DEBUG net.thucydides.core.reports.ReportService - Processing test outcome Log in:Try to log in with not valid credentials
20:56:53.936 [pool-1-thread-1] DEBUG net.thucydides.core.reports.ReportService - net.thucydides.core.reports.json.JSONTestOutcomeReporter@1495f70: Generating report for test outcome: Log in:Try to log in with not valid credentials
20:56:53.943 [AsyncHttpClient-1-1] DEBUG org.asynchttpclient.netty.channel.DefaultChannelPool - Entry count for : http://localhost:4723 : 1
20:56:53.947 [pool-1-thread-1] DEBUG net.thucydides.core.reports.json.JSONTestOutcomeReporter - Generating JSON report for Try to log in with not valid credentials to file C:\Users\crist\IdeaProjects\serenitybdd-appium-project\target\site\serenity\3b2c04a9bb9e1394fb6b4a2916f744b07c312fba1dcb03e9c93a7c1bd8da7fac.json (using temp file C:\Users\crist\IdeaProjects\serenitybdd-appium-project\target\site\serenity\3b2c04a9bb9e1394fb6b4a2916f744b07c312fba1dcb03e9c93a7c1bd8da7fac.jsonbcb3588c-7298-426a-9022-9ef55c110683)
20:56:53.974 [pool-1-thread-1] DEBUG net.thucydides.core.reports.ReportService - Processing test outcome Log in:Try to log in with not valid credentials done
20:56:53.975 [Test worker] DEBUG net.thucydides.core.reports.ReportService - Shutting down executor service
20:56:53.975 [Test worker] DEBUG net.thucydides.core.reports.ReportService - Reports generated in: 40 ms
20:56:53.975 [Test worker] DEBUG net.thucydides.core.reports.ReportService - Generating reports for 1 test outcomes using: net.thucydides.core.reports.html.HtmlAcceptanceTestReporter@13835bdc
20:56:53.976 [pool-2-thread-1] DEBUG net.thucydides.core.reports.ReportService - Processing test outcome Log in:Try to log in with not valid credentials
20:56:53.976 [pool-2-thread-1] DEBUG net.thucydides.core.reports.ReportService - net.thucydides.core.reports.html.HtmlAcceptanceTestReporter@13835bdc: Generating report for test outcome: Log in:Try to log in with not valid credentials
20:56:53.997 [pool-2-thread-1] DEBUG net.thucydides.core.requirements.FileSystemRequirementsTagProvider - Loading requirements from directory: C:\Users\crist\IdeaProjects\serenitybdd-appium-project\src\test\resources\features\login (C:\Users\crist\IdeaProjects\serenitybdd-appium-project\src\test\resources\features\login)
20:56:53.997 [pool-2-thread-1] DEBUG net.thucydides.core.requirements.FileSystemRequirementsTagProvider - Get requirements type for: C:\Users\crist\IdeaProjects\serenitybdd-appium-project\src\test\resources\features\login (C:\Users\crist\IdeaProjects\serenitybdd-appium-project\src\test\resources\features\login)
20:56:55.046 [AsyncHttpClient-1-1] DEBUG org.asynchttpclient.netty.channel.DefaultChannelPool - Entry count for : http://localhost:4723 : 1
20:56:56.143 [AsyncHttpClient-1-1] DEBUG org.asynchttpclient.netty.channel.DefaultChannelPool - Entry count for : http://localhost:4723 : 1
20:56:57.253 [AsyncHttpClient-1-1] DEBUG org.asynchttpclient.netty.channel.DefaultChannelPool - Entry count for : http://localhost:4723 : 1
20:56:57.434 [pool-2-thread-1] DEBUG net.thucydides.core.reports.ReportService - Processing test outcome Log in:Try to log in with not valid credentials done
20:56:57.434 [Test worker] DEBUG net.thucydides.core.reports.ReportService - Shutting down executor service
20:56:57.435 [Test worker] DEBUG net.thucydides.core.reports.ReportService - Reports generated in: 3460 ms
]]></system-out>
  <system-err><![CDATA[?[32m?[1m??????????????????????????????????????????????????????????????????????????????????????[0m
?[32m?[1m??[0m Share your Cucumber Report with your team at ?[36m?[1m?[4mhttps://reports.cucumber.io?[0m          ?[32m?[1m??[0m
?[32m?[1m??[0m Activate publishing with one of the following:                                    ?[32m?[1m??[0m
?[32m?[1m??[0m                                                                                   ?[32m?[1m??[0m
?[32m?[1m??[0m src/test/resources/cucumber.properties:          ?[36mcucumber.publish.enabled?[0m=?[36mtrue?[0m    ?[32m?[1m??[0m
?[32m?[1m??[0m src/test/resources/junit-platform.properties:    ?[36mcucumber.publish.enabled?[0m=?[36mtrue?[0m    ?[32m?[1m??[0m
?[32m?[1m??[0m Environment variable:                            ?[36mCUCUMBER_PUBLISH_ENABLED?[0m=?[36mtrue?[0m    ?[32m?[1m??[0m
?[32m?[1m??[0m JUnit:                                           ?[36m@CucumberOptions?[0m(publish = ?[36mtrue?[0m) ?[32m?[1m??[0m
?[32m?[1m??[0m                                                                                   ?[32m?[1m??[0m
?[32m?[1m??[0m More information at ?[36mhttps://cucumber.io/docs/cucumber/environment-variables/?[0m      ?[32m?[1m??[0m
?[32m?[1m??[0m                                                                                   ?[32m?[1m??[0m
?[32m?[1m??[0m Disable this message with one of the following:                                   ?[32m?[1m??[0m
?[32m?[1m??[0m                                                                                   ?[32m?[1m??[0m
?[32m?[1m??[0m src/test/resources/cucumber.properties:          ?[36mcucumber.publish.quiet?[0m=?[36mtrue?[0m      ?[32m?[1m??[0m
?[32m?[1m??[0m src/test/resources/junit-platform.properties:    ?[36mcucumber.publish.quiet?[0m=?[36mtrue?[0m      ?[32m?[1m??[0m
?[32m?[1m??????????????????????????????????????????????????????????????????????????????????????[0m
]]></system-err>
</testsuite>
